#
# There is insufficient memory for the Java Runtime Environment to continue.
# Native memory allocation (mmap) failed to map 134217728 bytes for Failed to commit area from 0x0000000081800000 to 0x0000000089800000 of length 134217728.
# Possible reasons:
#   The system is out of physical RAM or swap space
#   The process is running with CompressedOops enabled, and the Java Heap may be blocking the growth of the native heap
# Possible solutions:
#   Reduce memory load on the system
#   Increase physical memory or swap space
#   Check if swap backing store is full
#   Decrease Java heap size (-Xmx/-Xms)
#   Decrease number of Java threads
#   Decrease Java thread stack sizes (-Xss)
#   Set larger code cache with -XX:ReservedCodeCacheSize=
# This output file may be truncated or incomplete.
#
#  Out of Memory Error (t:/workspace/open/src/hotspot/os/windows/os_windows.cpp:3221), pid=25240, tid=37000
#
# JRE version:  (10.0.2+13) (build )
# Java VM: Java HotSpot(TM) 64-Bit Server VM (10.0.2+13, mixed mode, aot, tiered, compressed oops, g1 gc, windows-amd64)
# No core dump will be written. Minidumps are not enabled by default on client versions of Windows
#

---------------  S U M M A R Y ------------

Command Line: bubble2

Host: Intel(R) Core(TM) i5-4210U CPU @ 1.70GHz, 4 cores, 7G,  Windows 10 , 64 bit Build 17134 (10.0.17134.753)
Time: Fri Oct 18 14:16:34 2019 RTZ 2 (ceia) elapsed time: 0 seconds (0d 0h 0m 0s)

---------------  T H R E A D  ---------------

Current thread (0x000001c9e7c26000):  JavaThread "Unknown thread" [_thread_in_vm, id=37000, stack(0x000000a425900000,0x000000a425a00000)]

Stack: [0x000000a425900000,0x000000a425a00000]
Native frames: (J=compiled Java code, j=interpreted, Vv=VM code, C=native code)
V  [jvm.dll+0x5a01a9]
V  [jvm.dll+0x6bcf31]
V  [jvm.dll+0x6be126]
V  [jvm.dll+0x6be7b3]
V  [jvm.dll+0x234978]
V  [jvm.dll+0x59dac4]
V  [jvm.dll+0x592825]
V  [jvm.dll+0x2f632b]
V  [jvm.dll+0x2f6295]
V  [jvm.dll+0x2f6172]
V  [jvm.dll+0x2f8366]
V  [jvm.dll+0x344293]
V  [jvm.dll+0x3449a6]
V  [jvm.dll+0x344393]
V  [jvm.dll+0x2c4628]
V  [jvm.dll+0x2c5771]
V  [jvm.dll+0x69d1db]
V  [jvm.dll+0x69e9fc]
V  [jvm.dll+0x3519e9]
V  [jvm.dll+0x6856a2]
V  [jvm.dll+0x3ba0c3]
V  [jvm.dll+0x3bc261]
C  [java.exe+0x3531]
C  [java.exe+0xe1af]
C  [java.exe+0xe356]
C  [KERNEL32.DLL+0x14034]
C  [ntdll.dll+0x73691]


---------------  P R O C E S S  ---------------

Threads class SMR info:
_java_thread_list=0x000001c9e7a1c6c0, length=0, elements={
}

Java Threads: ( => current thread )

Other Threads:
  0x000001c9e7c3f800 GCTaskThread "GC Thread#0" [stack: 0x000000a425a00000,0x000000a425b00000] [id=10020]
  0x000001c9e7c41000 GCTaskThread "GC Thread#1" [stack: 0x000000a425b00000,0x000000a425c00000] [id=45140]
  0x000001c9e7c43800 GCTaskThread "GC Thread#2" [stack: 0x000000a425c00000,0x000000a425d00000] [id=36516]
  0x000001c9e7c4a800 GCTaskThread "GC Thread#3" [stack: 0x000000a425d00000,0x000000a425e00000] [id=37424]
  0x000001c9e7cb8800 ConcurrentGCThread "G1 Main Marker" [stack: 0x000000a425e00000,0x000000a425f00000] [id=11676]
  0x000001c9e7cbb800 ConcurrentGCThread "G1 Conc#0" [stack: 0x000000a425f00000,0x000000a426000000] [id=8368]

[error occurred during error reporting (printing all threads), id 0xe0000002]

VM state:not at safepoint (not fully initialized)

VM Mutex/Monitor currently owned by a thread:  ([mutex/lock_event])
[0x000001c9e7c24c80] Heap_lock - owner thread: 0x000001c9e7c26000

Heap address: 0x0000000081800000, size: 2024 MB, Compressed Oops mode: Non-zero based: 0x0000000081800000
Narrow klass base: 0x0000000000000000, Narrow klass shift: 0

GC Heap History (0 events):
No events

Deoptimization events (0 events):
No events

Classes redefined (0 events):
No events

Internal exceptions (0 events):
No events

Events (0 events):
No events


Dynamic libraries:
0x00007ff6a9100000 - 0x00007ff6a913e000 	C:\Program Files\Java\jdk-10.0.2\bin\java.exe
0x00007ffacde80000 - 0x00007fface061000 	C:\WINDOWS\SYSTEM32\ntdll.dll
0x00007ffacdba0000 - 0x00007ffacdc51000 	C:\WINDOWS\System32\KERNEL32.DLL
0x00007ffaca6c0000 - 0x00007ffaca933000 	C:\WINDOWS\System32\KERNELBASE.dll
0x00007ffac6f40000 - 0x00007ffac6fcb000 	C:\WINDOWS\SYSTEM32\apphelp.dll
0x00007ffacd040000 - 0x00007ffacd0e1000 	C:\WINDOWS\System32\ADVAPI32.dll
0x00007ffaccc20000 - 0x00007ffacccbe000 	C:\WINDOWS\System32\msvcrt.dll
0x00007ffacd4b0000 - 0x00007ffacd50b000 	C:\WINDOWS\System32\sechost.dll
0x00007ffacd1f0000 - 0x00007ffacd314000 	C:\WINDOWS\System32\RPCRT4.dll
0x00007ffacdcc0000 - 0x00007ffacde50000 	C:\WINDOWS\System32\USER32.dll
0x00007ffaca940000 - 0x00007ffaca960000 	C:\WINDOWS\System32\win32u.dll
0x00007ffacd010000 - 0x00007ffacd038000 	C:\WINDOWS\System32\GDI32.dll
0x00007ffacaa00000 - 0x00007ffacab91000 	C:\WINDOWS\System32\gdi32full.dll
0x00007ffaca960000 - 0x00007ffaca9ff000 	C:\WINDOWS\System32\msvcp_win.dll
0x00007ffaca490000 - 0x00007ffaca588000 	C:\WINDOWS\System32\ucrtbase.dll
0x00007ffab6220000 - 0x00007ffab6489000 	C:\WINDOWS\WinSxS\amd64_microsoft.windows.common-controls_6595b64144ccf1df_6.0.17134.1006_none_d3fbb8f77c940c3f\COMCTL32.dll
0x00007ffaba6a0000 - 0x00007ffaba6aa000 	C:\WINDOWS\SYSTEM32\VERSION.dll
0x00007ffacb300000 - 0x00007ffacb621000 	C:\WINDOWS\System32\combase.dll
0x00007ffaca590000 - 0x00007ffaca609000 	C:\WINDOWS\System32\bcryptPrimitives.dll
0x00007ffacce20000 - 0x00007ffacce4d000 	C:\WINDOWS\System32\IMM32.DLL
0x00007ffab0df0000 - 0x00007ffab0edf000 	C:\Program Files\Java\jdk-10.0.2\bin\msvcr120.dll
0x00007ffaaf130000 - 0x00007ffaaf1d6000 	C:\Program Files\Java\jdk-10.0.2\bin\msvcp120.dll
0x000000006d800000 - 0x000000006e270000 	C:\Program Files\Java\jdk-10.0.2\bin\server\jvm.dll
0x00007ffacdad0000 - 0x00007ffacdad8000 	C:\WINDOWS\System32\PSAPI.DLL
0x00007ffab9f70000 - 0x00007ffab9f79000 	C:\WINDOWS\SYSTEM32\WSOCK32.dll
0x00007ffaccd90000 - 0x00007ffaccdfc000 	C:\WINDOWS\System32\WS2_32.dll
0x00007ffac5990000 - 0x00007ffac59b3000 	C:\WINDOWS\SYSTEM32\WINMM.dll
0x00007ffac5960000 - 0x00007ffac598a000 	C:\WINDOWS\SYSTEM32\winmmbase.dll
0x00007ffacb2b0000 - 0x00007ffacb2f9000 	C:\WINDOWS\System32\cfgmgr32.dll
0x00007ffac5b30000 - 0x00007ffac5b3f000 	C:\Program Files\Java\jdk-10.0.2\bin\verify.dll
0x00007ffac7570000 - 0x00007ffac7739000 	C:\WINDOWS\SYSTEM32\DBGHELP.DLL
0x00007ffac1550000 - 0x00007ffac1579000 	C:\WINDOWS\SYSTEM32\dbgcore.DLL
0x00007ffab6da0000 - 0x00007ffab6dc7000 	C:\Program Files\Java\jdk-10.0.2\bin\java.dll
0x00007ffab2130000 - 0x00007ffab2146000 	C:\Program Files\Java\jdk-10.0.2\bin\zip.dll
0x00007ffac4e10000 - 0x00007ffac4e1a000 	C:\Program Files\Java\jdk-10.0.2\bin\jimage.dll

dbghelp: loaded successfully - version: 4.0.5 - missing functions: none
symbol engine: initialized successfully - sym options: 0x614 - pdb path: .;C:\Program Files\Java\jdk-10.0.2\bin;C:\WINDOWS\SYSTEM32;C:\WINDOWS\WinSxS\amd64_microsoft.windows.common-controls_6595b64144ccf1df_6.0.17134.1006_none_d3fbb8f77c940c3f;C:\Program Files\Java\jdk-10.0.2\bin\server

VM Arguments:
java_command: bubble2
java_class_path (initial): .
Launcher Type: SUN_STANDARD

Logging:
Log output configuration:
#0: stdout all=warning uptime,level,tags
#1: stderr all=off uptime,level,tags

Environment Variables:
JAVA_HOME=C:\Program Files\Java\jdk1.8.0_191
JRE_HOME=C:\Program Files\Java\jre1.8.0_191
PATH=C:\Program Files (x86)\Common Files\Oracle\Java\javapath;C:\Program Files (x86)\scala\bin;C:\WINDOWS\system32;C:\WINDOWS;C:\WINDOWS\System32\Wbem;C:\WINDOWS\System32\WindowsPowerShell\v1.0\;C:\Program Files\Git\cmd;C:\Program Files\PuTTY\;C:\Program Files\OpenVPN\bin;C:\Program Files\MySQL\MySQL Utilities 1.6\;C:\Program Files (x86)\Common Files\Acronis\SnapAPI\;C:\Program Files (x86)\sbt\bin;C:\WINDOWS\System32\OpenSSH\;C:\Program Files\nodejs\;C:\Program Files\Apache\maven\bin;"C:\WINDOWS\system32;C:\WINDOWS;C:\WINDOWS\System32\Wbem";C:\Program Files\Java\jdk1.8.0_191;C:\ProgramData\Oracle\Java\javapath;C:\Program Files\Java\jre1.8.0_191;C:\Users\user\AppData\Roaming\local\bin;C:\Users\user\AppData\Local\Microsoft\WindowsApps;C:\Users\user\AppData\Roaming\npm;C:\Program Files\Java\jdk-10.0.2\bin
USERNAME=user
OS=Windows_NT
PROCESSOR_IDENTIFIER=Intel64 Family 6 Model 69 Stepping 1, GenuineIntel



---------------  S Y S T E M  ---------------

OS: Windows 10 , 64 bit Build 17134 (10.0.17134.753)

CPU:total 4 (initial active 4) (2 cores per cpu, 2 threads per core) family 6 model 69 stepping 1, cmov, cx8, fxsr, mmx, sse, sse2, sse3, ssse3, sse4.1, sse4.2, popcnt, avx, avx2, aes, clmul, erms, lzcnt, ht, tsc, tscinvbit, bmi1, bmi2, fma

Memory: 4k page, physical 8286304k(547664k free), swap 16674912k(93376k free)

vm_info: Java HotSpot(TM) 64-Bit Server VM (10.0.2+13) for windows-amd64 JRE (10.0.2+13), built on Jun 28 2018 01:57:56 by "mach5one" with MS VC++ 12.0 (VS2013)

END.
